wearable/build/outputs/logs/manifest-merger-release-report.txt
-- Merging decision tree log ---
manifest
ADDED from src\main\AndroidManifest.xml:17:1-66:12
	xmlns:android
		ADDED from src\main\AndroidManifest.xml:17:11-69
	package
		ADDED from src\main\AndroidManifest.xml:18:9-36
		INJECTED from src\main\AndroidManifest.xml
		INJECTED from src\main\AndroidManifest.xml
	android:versionName
		ADDED from src\main\AndroidManifest.xml:19:5-32
		INJECTED from src\main\AndroidManifest.xml
		INJECTED from src\main\AndroidManifest.xml
	android:versionCode
		ADDED from src\main\AndroidManifest.xml:19:33-56
		INJECTED from src\main\AndroidManifest.xml
		INJECTED from src\main\AndroidManifest.xml
uses-sdk
ADDED from src\main\AndroidManifest.xml:21:5-22:41
MERGED from [com.google.android.gms:play-services:8.3.0] AndroidManifest.xml:18:5-42
MERGED from [com.google.android.gms:play-services-ads:8.3.0] AndroidManifest.xml:23:5-42
MERGED from [com.google.android.gms:play-services-basement:8.3.0] AndroidManifest.xml:18:5-42
MERGED from [com.android.support:support-v4:22.2.0] AndroidManifest.xml:20:5-43
MERGED from [com.google.android.gms:play-services-analytics:8.3.0] AndroidManifest.xml:18:5-42
MERGED from [com.google.android.gms:play-services-basement:8.3.0] AndroidManifest.xml:18:5-42
MERGED from [com.android.support:support-v4:22.2.0] AndroidManifest.xml:20:5-43
MERGED from [com.google.android.gms:play-services-appindexing:8.3.0] AndroidManifest.xml:18:5-42
MERGED from [com.google.android.gms:play-services-basement:8.3.0] AndroidManifest.xml:18:5-42
MERGED from [com.android.support:support-v4:22.2.0] AndroidManifest.xml:20:5-43
MERGED from [com.google.android.gms:play-services-appinvite:8.3.0] AndroidManifest.xml:18:5-42
MERGED from [com.google.android.gms:play-services-base:8.3.0] AndroidManifest.xml:18:5-42
MERGED from [com.google.android.gms:play-services-basement:8.3.0] AndroidManifest.xml:18:5-42
MERGED from [com.android.support:support-v4:22.2.0] AndroidManifest.xml:20:5-43
MERGED from [com.google.android.gms:play-services-appstate:8.3.0] AndroidManifest.xml:18:5-42
MERGED from [com.google.android.gms:play-services-base:8.3.0] AndroidManifest.xml:18:5-42
MERGED from [com.google.android.gms:play-services-basement:8.3.0] AndroidManifest.xml:18:5-42
MERGED from [com.android.support:support-v4:22.2.0] AndroidManifest.xml:20:5-43
MERGED from [com.google.android.gms:play-services-auth:8.3.0] AndroidManifest.xml:18:5-43
MERGED from [com.google.android.gms:play-services-base:8.3.0] AndroidManifest.xml:18:5-42
MERGED from [com.google.android.gms:play-services-basement:8.3.0] AndroidManifest.xml:18:5-42
MERGED from [com.android.support:support-v4:22.2.0] AndroidManifest.xml:20:5-43
MERGED from [com.google.android.gms:play-services-base:8.3.0] AndroidManifest.xml:18:5-42
MERGED from [com.google.android.gms:play-services-basement:8.3.0] AndroidManifest.xml:18:5-42
MERGED from [com.android.support:support-v4:22.2.0] AndroidManifest.xml:20:5-43
MERGED from [com.google.android.gms:play-services-basement:8.3.0] AndroidManifest.xml:18:5-42
MERGED from [com.android.support:support-v4:22.2.0] AndroidManifest.xml:20:5-43
MERGED from [com.google.android.gms:play-services-cast:8.3.0] AndroidManifest.xml:18:5-42
MERGED from [com.google.android.gms:play-services-base:8.3.0] AndroidManifest.xml:18:5-42
MERGED from [com.google.android.gms:play-services-basement:8.3.0] AndroidManifest.xml:18:5-42
MERGED from [com.android.support:support-v4:22.2.0] AndroidManifest.xml:20:5-43
MERGED from [com.android.support:mediarouter-v7:22.2.0] AndroidManifest.xml:20:5-43
MERGED from [com.android.support:appcompat-v7:22.2.0] AndroidManifest.xml:20:5-43
MERGED from [com.android.support:support-v4:22.2.0] AndroidManifest.xml:20:5-43
MERGED from [com.google.android.gms:play-services-drive:8.3.0] AndroidManifest.xml:18:5-42
MERGED from [com.google.android.gms:play-services-base:8.3.0] AndroidManifest.xml:18:5-42
MERGED from [com.google.android.gms:play-services-basement:8.3.0] AndroidManifest.xml:18:5-42
MERGED from [com.android.support:support-v4:22.2.0] AndroidManifest.xml:20:5-43
MERGED from [com.google.android.gms:play-services-fitness:8.3.0] AndroidManifest.xml:18:5-42
MERGED from [com.google.android.gms:play-services-base:8.3.0] AndroidManifest.xml:18:5-42
MERGED from [com.google.android.gms:play-services-basement:8.3.0] AndroidManifest.xml:18:5-42
MERGED from [com.android.support:support-v4:22.2.0] AndroidManifest.xml:20:5-43
MERGED from [com.google.android.gms:play-services-location:8.3.0] AndroidManifest.xml:18:5-42
MERGED from [com.google.android.gms:play-services-base:8.3.0] AndroidManifest.xml:18:5-42
MERGED from [com.google.android.gms:play-services-basement:8.3.0] AndroidManifest.xml:18:5-42
MERGED from [com.android.support:support-v4:22.2.0] AndroidManifest.xml:20:5-43
MERGED from [com.google.android.gms:play-services-maps:8.3.0] AndroidManifest.xml:26:5-42
MERGED from [com.google.android.gms:play-services-base:8.3.0] AndroidManifest.xml:18:5-42
MERGED from [com.google.android.gms:play-services-basement:8.3.0] AndroidManifest.xml:18:5-42
MERGED from [com.android.support:support-v4:22.2.0] AndroidManifest.xml:20:5-43
MERGED from [com.google.android.gms:play-services-games:8.3.0] AndroidManifest.xml:18:5-42
MERGED from [com.google.android.gms:play-services-base:8.3.0] AndroidManifest.xml:18:5-42
MERGED from [com.google.android.gms:play-services-basement:8.3.0] AndroidManifest.xml:18:5-42
MERGED from [com.android.support:support-v4:22.2.0] AndroidManifest.xml:20:5-43
MERGED from [com.google.android.gms:play-services-drive:8.3.0] AndroidManifest.xml:18:5-42
MERGED from [com.google.android.gms:play-services-base:8.3.0] AndroidManifest.xml:18:5-42
MERGED from [com.google.android.gms:play-services-basement:8.3.0] AndroidManifest.xml:18:5-42
MERGED from [com.android.support:support-v4:22.2.0] AndroidManifest.xml:20:5-43
MERGED from [com.google.android.gms:play-services-gcm:8.3.0] AndroidManifest.xml:18:5-42
MERGED from [com.google.android.gms:play-services-base:8.3.0] AndroidManifest.xml:18:5-42
MERGED from [com.google.android.gms:play-services-basement:8.3.0] AndroidManifest.xml:18:5-42
MERGED from [com.android.support:support-v4:22.2.0] AndroidManifest.xml:20:5-43
MERGED from [com.google.android.gms:play-services-measurement:8.3.0] AndroidManifest.xml:18:5-42
MERGED from [com.google.android.gms:play-services-basement:8.3.0] AndroidManifest.xml:18:5-42
MERGED from [com.android.support:support-v4:22.2.0] AndroidManifest.xml:20:5-43
MERGED from [com.google.android.gms:play-services-identity:8.3.0] AndroidManifest.xml:18:5-42
MERGED from [com.google.android.gms:play-services-base:8.3.0] AndroidManifest.xml:18:5-42
MERGED from [com.google.android.gms:play-services-basement:8.3.0] AndroidManifest.xml:18:5-42
MERGED from [com.android.support:support-v4:22.2.0] AndroidManifest.xml:20:5-43
MERGED from [com.google.android.gms:play-services-location:8.3.0] AndroidManifest.xml:18:5-42
MERGED from [com.google.android.gms:play-services-base:8.3.0] AndroidManifest.xml:18:5-42
MERGED from [com.google.android.gms:play-services-basement:8.3.0] AndroidManifest.xml:18:5-42
MERGED from [com.android.support:support-v4:22.2.0] AndroidManifest.xml:20:5-43
MERGED from [com.google.android.gms:play-services-maps:8.3.0] AndroidManifest.xml:26:5-42
MERGED from [com.google.android.gms:play-services-base:8.3.0] AndroidManifest.xml:18:5-42
MERGED from [com.google.android.gms:play-services-basement:8.3.0] AndroidManifest.xml:18:5-42
MERGED from [com.android.support:support-v4:22.2.0] AndroidManifest.xml:20:5-43
MERGED from [com.google.android.gms:play-services-maps:8.3.0] AndroidManifest.xml:26:5-42
MERGED from [com.google.android.gms:play-services-base:8.3.0] AndroidManifest.xml:18:5-42
MERGED from [com.google.android.gms:play-services-basement:8.3.0] AndroidManifest.xml:18:5-42
MERGED from [com.android.support:support-v4:22.2.0] AndroidManifest.xml:20:5-43
MERGED from [com.google.android.gms:play-services-measurement:8.3.0] AndroidManifest.xml:18:5-42
MERGED from [com.google.android.gms:play-services-basement:8.3.0] AndroidManifest.xml:18:5-42
MERGED from [com.android.support:support-v4:22.2.0] AndroidManifest.xml:20:5-43
MERGED from [com.google.android.gms:play-services-nearby:8.3.0] AndroidManifest.xml:18:5-42
MERGED from [com.google.android.gms:play-services-base:8.3.0] AndroidManifest.xml:18:5-42
MERGED from [com.google.android.gms:play-services-basement:8.3.0] AndroidManifest.xml:18:5-42
MERGED from [com.android.support:support-v4:22.2.0] AndroidManifest.xml:20:5-43
MERGED from [com.google.android.gms:play-services-panorama:8.3.0] AndroidManifest.xml:18:5-42
MERGED from [com.google.android.gms:play-services-base:8.3.0] AndroidManifest.xml:18:5-42
MERGED from [com.google.android.gms:play-services-basement:8.3.0] AndroidManifest.xml:18:5-42
MERGED from [com.android.support:support-v4:22.2.0] AndroidManifest.xml:20:5-43
MERGED from [com.google.android.gms:play-services-plus:8.3.0] AndroidManifest.xml:18:5-42
MERGED from [com.google.android.gms:play-services-base:8.3.0] AndroidManifest.xml:18:5-42
MERGED from [com.google.android.gms:play-services-basement:8.3.0] AndroidManifest.xml:18:5-42
MERGED from [com.android.support:support-v4:22.2.0] AndroidManifest.xml:20:5-43
MERGED from [com.google.android.gms:play-services-safetynet:8.3.0] AndroidManifest.xml:18:5-42
MERGED from [com.google.android.gms:play-services-base:8.3.0] AndroidManifest.xml:18:5-42
MERGED from [com.google.android.gms:play-services-basement:8.3.0] AndroidManifest.xml:18:5-42
MERGED from [com.android.support:support-v4:22.2.0] AndroidManifest.xml:20:5-43
MERGED from [com.google.android.gms:play-services-vision:8.3.0] AndroidManifest.xml:4:5-42
MERGED from [com.google.android.gms:play-services-base:8.3.0] AndroidManifest.xml:18:5-42
MERGED from [com.google.android.gms:play-services-basement:8.3.0] AndroidManifest.xml:18:5-42
MERGED from [com.android.support:support-v4:22.2.0] AndroidManifest.xml:20:5-43
MERGED from [com.google.android.gms:play-services-wallet:8.3.0] AndroidManifest.xml:19:5-42
MERGED from [com.google.android.gms:play-services-base:8.3.0] AndroidManifest.xml:18:5-42
MERGED from [com.google.android.gms:play-services-basement:8.3.0] AndroidManifest.xml:18:5-42
MERGED from [com.android.support:support-v4:22.2.0] AndroidManifest.xml:20:5-43
MERGED from [com.google.android.gms:play-services-identity:8.3.0] AndroidManifest.xml:18:5-42
MERGED from [com.google.android.gms:play-services-base:8.3.0] AndroidManifest.xml:18:5-42
MERGED from [com.google.android.gms:play-services-basement:8.3.0] AndroidManifest.xml:18:5-42
MERGED from [com.android.support:support-v4:22.2.0] AndroidManifest.xml:20:5-43
MERGED from [com.google.android.gms:play-services-maps:8.3.0] AndroidManifest.xml:26:5-42
MERGED from [com.google.android.gms:play-services-base:8.3.0] AndroidManifest.xml:18:5-42
MERGED from [com.google.android.gms:play-services-basement:8.3.0] AndroidManifest.xml:18:5-42
MERGED from [com.android.support:support-v4:22.2.0] AndroidManifest.xml:20:5-43
MERGED from [com.google.android.gms:play-services-wearable:8.3.0] AndroidManifest.xml:18:5-42
MERGED from [com.google.android.gms:play-services-base:8.3.0] AndroidManifest.xml:18:5-42
MERGED from [com.google.android.gms:play-services-basement:8.3.0] AndroidManifest.xml:18:5-42
MERGED from [com.android.support:support-v4:22.2.0] AndroidManifest.xml:20:5-43
MERGED from [com.google.android.gms:play-services-wearable:8.3.0] AndroidManifest.xml:18:5-42
MERGED from [com.google.android.gms:play-services-base:8.3.0] AndroidManifest.xml:18:5-42
MERGED from [com.google.android.gms:play-services-basement:8.3.0] AndroidManifest.xml:18:5-42
MERGED from [com.android.support:support-v4:22.2.0] AndroidManifest.xml:20:5-43
MERGED from [com.google.android.support:wearable:1.3.0] AndroidManifest.xml:4:5-6:41
MERGED from [com.android.support:recyclerview-v7:22.0.0] AndroidManifest.xml:20:5-43
MERGED from [com.android.support:support-v4:22.2.0] AndroidManifest.xml:20:5-43
MERGED from [com.android.support:support-v4:22.2.0] AndroidManifest.xml:20:5-43
	android:targetSdkVersion
		ADDED from src\main\AndroidManifest.xml:22:9-38
	android:minSdkVersion
		ADDED from src\main\AndroidManifest.xml:21:15-41
		INJECTED from src\main\AndroidManifest.xml
		INJECTED from src\main\AndroidManifest.xml
uses-feature#android.hardware.type.watch
ADDED from src\main\AndroidManifest.xml:24:5-64
	android:name
		ADDED from src\main\AndroidManifest.xml:24:19-61
uses-permission#com.google.android.permission.PROVIDE_BACKGROUND
ADDED from src\main\AndroidManifest.xml:28:5-88
	android:name
		ADDED from src\main\AndroidManifest.xml:28:22-85
uses-permission#android.permission.WAKE_LOCK
ADDED from src\main\AndroidManifest.xml:29:5-68
MERGED from [com.google.android.gms:play-services-measurement:8.3.0] AndroidManifest.xml:24:5-67
MERGED from [com.google.android.gms:play-services-measurement:8.3.0] AndroidManifest.xml:24:5-67
	android:name
		ADDED from src\main\AndroidManifest.xml:29:22-65
application
ADDED from src\main\AndroidManifest.xml:33:5-64:19
MERGED from [com.google.android.gms:play-services:8.3.0] AndroidManifest.xml:19:5-20
MERGED from [com.google.android.gms:play-services-ads:8.3.0] AndroidManifest.xml:24:5-32:19
MERGED from [com.google.android.gms:play-services-basement:8.3.0] AndroidManifest.xml:20:5-24:19
MERGED from [com.android.support:support-v4:22.2.0] AndroidManifest.xml:22:5-20
MERGED from [com.google.android.gms:play-services-analytics:8.3.0] AndroidManifest.xml:24:5-20
MERGED from [com.google.android.gms:play-services-basement:8.3.0] AndroidManifest.xml:20:5-24:19
MERGED from [com.android.support:support-v4:22.2.0] AndroidManifest.xml:22:5-20
MERGED from [com.google.android.gms:play-services-appindexing:8.3.0] AndroidManifest.xml:19:5-20
MERGED from [com.google.android.gms:play-services-basement:8.3.0] AndroidManifest.xml:20:5-24:19
MERGED from [com.android.support:support-v4:22.2.0] AndroidManifest.xml:22:5-20
MERGED from [com.google.android.gms:play-services-appinvite:8.3.0] AndroidManifest.xml:20:5-20
MERGED from [com.google.android.gms:play-services-basement:8.3.0] AndroidManifest.xml:20:5-24:19
MERGED from [com.android.support:support-v4:22.2.0] AndroidManifest.xml:22:5-20
MERGED from [com.google.android.gms:play-services-appstate:8.3.0] AndroidManifest.xml:19:5-20
MERGED from [com.google.android.gms:play-services-basement:8.3.0] AndroidManifest.xml:20:5-24:19
MERGED from [com.android.support:support-v4:22.2.0] AndroidManifest.xml:22:5-20
MERGED from [com.google.android.gms:play-services-auth:8.3.0] AndroidManifest.xml:20:5-25:19
MERGED from [com.google.android.gms:play-services-basement:8.3.0] AndroidManifest.xml:20:5-24:19
MERGED from [com.android.support:support-v4:22.2.0] AndroidManifest.xml:22:5-20
MERGED from [com.google.android.gms:play-services-basement:8.3.0] AndroidManifest.xml:20:5-24:19
MERGED from [com.android.support:support-v4:22.2.0] AndroidManifest.xml:22:5-20
MERGED from [com.google.android.gms:play-services-basement:8.3.0] AndroidManifest.xml:20:5-24:19
MERGED from [com.android.support:support-v4:22.2.0] AndroidManifest.xml:22:5-20
MERGED from [com.google.android.gms:play-services-cast:8.3.0] AndroidManifest.xml:19:5-20
MERGED from [com.google.android.gms:play-services-basement:8.3.0] AndroidManifest.xml:20:5-24:19
MERGED from [com.android.support:support-v4:22.2.0] AndroidManifest.xml:22:5-20
MERGED from [com.android.support:mediarouter-v7:22.2.0] AndroidManifest.xml:22:5-20
MERGED from [com.android.support:appcompat-v7:22.2.0] AndroidManifest.xml:22:5-20
MERGED from [com.android.support:support-v4:22.2.0] AndroidManifest.xml:22:5-20
MERGED from [com.google.android.gms:play-services-drive:8.3.0] AndroidManifest.xml:19:5-20
MERGED from [com.google.android.gms:play-services-basement:8.3.0] AndroidManifest.xml:20:5-24:19
MERGED from [com.android.support:support-v4:22.2.0] AndroidManifest.xml:22:5-20
MERGED from [com.google.android.gms:play-services-fitness:8.3.0] AndroidManifest.xml:19:5-20
MERGED from [com.google.android.gms:play-services-basement:8.3.0] AndroidManifest.xml:20:5-24:19
MERGED from [com.android.support:support-v4:22.2.0] AndroidManifest.xml:22:5-20
MERGED from [com.google.android.gms:play-services-location:8.3.0] AndroidManifest.xml:19:5-20
MERGED from [com.google.android.gms:play-services-basement:8.3.0] AndroidManifest.xml:20:5-24:19
MERGED from [com.android.support:support-v4:22.2.0] AndroidManifest.xml:22:5-20
MERGED from [com.google.android.gms:play-services-maps:8.3.0] AndroidManifest.xml:27:5-20
MERGED from [com.google.android.gms:play-services-basement:8.3.0] AndroidManifest.xml:20:5-24:19
MERGED from [com.android.support:support-v4:22.2.0] AndroidManifest.xml:22:5-20
MERGED from [com.google.android.gms:play-services-games:8.3.0] AndroidManifest.xml:19:5-20
MERGED from [com.google.android.gms:play-services-basement:8.3.0] AndroidManifest.xml:20:5-24:19
MERGED from [com.android.support:support-v4:22.2.0] AndroidManifest.xml:22:5-20
MERGED from [com.google.android.gms:play-services-drive:8.3.0] AndroidManifest.xml:19:5-20
MERGED from [com.google.android.gms:play-services-basement:8.3.0] AndroidManifest.xml:20:5-24:19
MERGED from [com.android.support:support-v4:22.2.0] AndroidManifest.xml:22:5-20
MERGED from [com.google.android.gms:play-services-gcm:8.3.0] AndroidManifest.xml:24:5-20
MERGED from [com.google.android.gms:play-services-basement:8.3.0] AndroidManifest.xml:20:5-24:19
MERGED from [com.android.support:support-v4:22.2.0] AndroidManifest.xml:22:5-20
MERGED from [com.google.android.gms:play-services-measurement:8.3.0] AndroidManifest.xml:26:5-46:19
MERGED from [com.google.android.gms:play-services-basement:8.3.0] AndroidManifest.xml:20:5-24:19
MERGED from [com.android.support:support-v4:22.2.0] AndroidManifest.xml:22:5-20
MERGED from [com.google.android.gms:play-services-identity:8.3.0] AndroidManifest.xml:19:5-20
MERGED from [com.google.android.gms:play-services-basement:8.3.0] AndroidManifest.xml:20:5-24:19
MERGED from [com.android.support:support-v4:22.2.0] AndroidManifest.xml:22:5-20
MERGED from [com.google.android.gms:play-services-location:8.3.0] AndroidManifest.xml:19:5-20
MERGED from [com.google.android.gms:play-services-basement:8.3.0] AndroidManifest.xml:20:5-24:19
MERGED from [com.android.support:support-v4:22.2.0] AndroidManifest.xml:22:5-20
MERGED from [com.google.android.gms:play-services-maps:8.3.0] AndroidManifest.xml:27:5-20
MERGED from [com.google.android.gms:play-services-basement:8.3.0] AndroidManifest.xml:20:5-24:19
MERGED from [com.android.support:support-v4:22.2.0] AndroidManifest.xml:22:5-20
MERGED from [com.google.android.gms:play-services-maps:8.3.0] AndroidManifest.xml:27:5-20
MERGED from [com.google.android.gms:play-services-basement:8.3.0] AndroidManifest.xml:20:5-24:19
MERGED from [com.android.support:support-v4:22.2.0] AndroidManifest.xml:22:5-20
MERGED from [com.google.android.gms:play-services-measurement:8.3.0] AndroidManifest.xml:26:5-46:19
MERGED from [com.google.android.gms:play-services-basement:8.3.0] AndroidManifest.xml:20:5-24:19
MERGED from [com.android.support:support-v4:22.2.0] AndroidManifest.xml:22:5-20
MERGED from [com.google.android.gms:play-services-nearby:8.3.0] AndroidManifest.xml:20:5-20
MERGED from [com.google.android.gms:play-services-basement:8.3.0] AndroidManifest.xml:20:5-24:19
MERGED from [com.android.support:support-v4:22.2.0] AndroidManifest.xml:22:5-20
MERGED from [com.google.android.gms:play-services-panorama:8.3.0] AndroidManifest.xml:19:5-20
MERGED from [com.google.android.gms:play-services-basement:8.3.0] AndroidManifest.xml:20:5-24:19
MERGED from [com.android.support:support-v4:22.2.0] AndroidManifest.xml:22:5-20
MERGED from [com.google.android.gms:play-services-plus:8.3.0] AndroidManifest.xml:19:5-20
MERGED from [com.google.android.gms:play-services-basement:8.3.0] AndroidManifest.xml:20:5-24:19
MERGED from [com.android.support:support-v4:22.2.0] AndroidManifest.xml:22:5-20
MERGED from [com.google.android.gms:play-services-safetynet:8.3.0] AndroidManifest.xml:19:5-20
MERGED from [com.google.android.gms:play-services-basement:8.3.0] AndroidManifest.xml:20:5-24:19
MERGED from [com.android.support:support-v4:22.2.0] AndroidManifest.xml:22:5-20
MERGED from [com.google.android.gms:play-services-vision:8.3.0] AndroidManifest.xml:5:5-20
MERGED from [com.google.android.gms:play-services-basement:8.3.0] AndroidManifest.xml:20:5-24:19
MERGED from [com.android.support:support-v4:22.2.0] AndroidManifest.xml:22:5-20
MERGED from [com.google.android.gms:play-services-basement:8.3.0] AndroidManifest.xml:20:5-24:19
MERGED from [com.android.support:support-v4:22.2.0] AndroidManifest.xml:22:5-20
MERGED from [com.google.android.gms:play-services-identity:8.3.0] AndroidManifest.xml:19:5-20
MERGED from [com.google.android.gms:play-services-basement:8.3.0] AndroidManifest.xml:20:5-24:19
MERGED from [com.android.support:support-v4:22.2.0] AndroidManifest.xml:22:5-20
MERGED from [com.google.android.gms:play-services-maps:8.3.0] AndroidManifest.xml:27:5-20
MERGED from [com.google.android.gms:play-services-basement:8.3.0] AndroidManifest.xml:20:5-24:19
MERGED from [com.android.support:support-v4:22.2.0] AndroidManifest.xml:22:5-20
MERGED from [com.google.android.gms:play-services-wearable:8.3.0] AndroidManifest.xml:19:5-20
MERGED from [com.google.android.gms:play-services-basement:8.3.0] AndroidManifest.xml:20:5-24:19
MERGED from [com.android.support:support-v4:22.2.0] AndroidManifest.xml:22:5-20
MERGED from [com.google.android.gms:play-services-wearable:8.3.0] AndroidManifest.xml:19:5-20
MERGED from [com.google.android.gms:play-services-basement:8.3.0] AndroidManifest.xml:20:5-24:19
MERGED from [com.android.support:support-v4:22.2.0] AndroidManifest.xml:22:5-20
MERGED from [com.google.android.support:wearable:1.3.0] AndroidManifest.xml:8:5-20
MERGED from [com.android.support:recyclerview-v7:22.0.0] AndroidManifest.xml:22:5-26:19
MERGED from [com.android.support:support-v4:22.2.0] AndroidManifest.xml:22:5-20
MERGED from [com.android.support:support-v4:22.2.0] AndroidManifest.xml:22:5-20
	android:label
		ADDED from src\main\AndroidManifest.xml:36:13-45
	android:allowBackup
		ADDED from src\main\AndroidManifest.xml:34:13-39
	android:icon
		ADDED from src\main\AndroidManifest.xml:35:13-49
service#com.thirteen.tilt.AnalogWatchFaceService
ADDED from src\main\AndroidManifest.xml:38:9-58:19
	android:label
		ADDED from src\main\AndroidManifest.xml:40:17-52
	android:permission
		ADDED from src\main\AndroidManifest.xml:43:17-71
	android:allowEmbedded
		ADDED from src\main\AndroidManifest.xml:41:17-45
	android:taskAffinity
		ADDED from src\main\AndroidManifest.xml:42:17-40
	android:name
		ADDED from src\main\AndroidManifest.xml:39:17-55
meta-data#android.service.wallpaper
ADDED from src\main\AndroidManifest.xml:44:13-46:58
	android:resource
		ADDED from src\main\AndroidManifest.xml:46:21-55
	android:name
		ADDED from src\main\AndroidManifest.xml:45:21-61
meta-data#com.google.android.wearable.watchface.preview
ADDED from src\main\AndroidManifest.xml:47:13-49:72
	android:resource
		ADDED from src\main\AndroidManifest.xml:49:21-69
	android:name
		ADDED from src\main\AndroidManifest.xml:48:21-81
meta-data#com.google.android.clockwork.home.preview_circular
ADDED from src\main\AndroidManifest.xml:50:13-52:81
	android:resource
		ADDED from src\main\AndroidManifest.xml:52:21-78
	android:name
		ADDED from src\main\AndroidManifest.xml:51:21-86
intent-filter#android.service.wallpaper.WallpaperService+com.google.android.wearable.watchface.category.WATCH_FACE
ADDED from src\main\AndroidManifest.xml:54:13-57:29
action#android.service.wallpaper.WallpaperService
ADDED from src\main\AndroidManifest.xml:55:17-85
	android:name
		ADDED from src\main\AndroidManifest.xml:55:25-82
category#com.google.android.wearable.watchface.category.WATCH_FACE
ADDED from src\main\AndroidManifest.xml:56:17-102
	android:name
		ADDED from src\main\AndroidManifest.xml:56:27-99
meta-data#com.google.android.gms.version
ADDED from src\main\AndroidManifest.xml:60:9-62:73
MERGED from [com.google.android.gms:play-services-basement:8.3.0] AndroidManifest.xml:21:9-23:69
MERGED from [com.google.android.gms:play-services-basement:8.3.0] AndroidManifest.xml:21:9-23:69
MERGED from [com.google.android.gms:play-services-basement:8.3.0] AndroidManifest.xml:21:9-23:69
MERGED from [com.google.android.gms:play-services-basement:8.3.0] AndroidManifest.xml:21:9-23:69
MERGED from [com.google.android.gms:play-services-basement:8.3.0] AndroidManifest.xml:21:9-23:69
MERGED from [com.google.android.gms:play-services-basement:8.3.0] AndroidManifest.xml:21:9-23:69
MERGED from [com.google.android.gms:play-services-basement:8.3.0] AndroidManifest.xml:21:9-23:69
MERGED from [com.google.android.gms:play-services-basement:8.3.0] AndroidManifest.xml:21:9-23:69
MERGED from [com.google.android.gms:play-services-basement:8.3.0] AndroidManifest.xml:21:9-23:69
MERGED from [com.google.android.gms:play-services-basement:8.3.0] AndroidManifest.xml:21:9-23:69
MERGED from [com.google.android.gms:play-services-basement:8.3.0] AndroidManifest.xml:21:9-23:69
MERGED from [com.google.android.gms:play-services-basement:8.3.0] AndroidManifest.xml:21:9-23:69
MERGED from [com.google.android.gms:play-services-basement:8.3.0] AndroidManifest.xml:21:9-23:69
MERGED from [com.google.android.gms:play-services-basement:8.3.0] AndroidManifest.xml:21:9-23:69
MERGED from [com.google.android.gms:play-services-basement:8.3.0] AndroidManifest.xml:21:9-23:69
MERGED from [com.google.android.gms:play-services-basement:8.3.0] AndroidManifest.xml:21:9-23:69
MERGED from [com.google.android.gms:play-services-basement:8.3.0] AndroidManifest.xml:21:9-23:69
MERGED from [com.google.android.gms:play-services-basement:8.3.0] AndroidManifest.xml:21:9-23:69
MERGED from [com.google.android.gms:play-services-basement:8.3.0] AndroidManifest.xml:21:9-23:69
MERGED from [com.google.android.gms:play-services-basement:8.3.0] AndroidManifest.xml:21:9-23:69
MERGED from [com.google.android.gms:play-services-basement:8.3.0] AndroidManifest.xml:21:9-23:69
MERGED from [com.google.android.gms:play-services-basement:8.3.0] AndroidManifest.xml:21:9-23:69
MERGED from [com.google.android.gms:play-services-basement:8.3.0] AndroidManifest.xml:21:9-23:69
MERGED from [com.google.android.gms:play-services-basement:8.3.0] AndroidManifest.xml:21:9-23:69
MERGED from [com.google.android.gms:play-services-basement:8.3.0] AndroidManifest.xml:21:9-23:69
MERGED from [com.google.android.gms:play-services-basement:8.3.0] AndroidManifest.xml:21:9-23:69
MERGED from [com.google.android.gms:play-services-basement:8.3.0] AndroidManifest.xml:21:9-23:69
MERGED from [com.google.android.gms:play-services-basement:8.3.0] AndroidManifest.xml:21:9-23:69
MERGED from [com.google.android.gms:play-services-basement:8.3.0] AndroidManifest.xml:21:9-23:69
MERGED from [com.google.android.gms:play-services-basement:8.3.0] AndroidManifest.xml:21:9-23:69
MERGED from [com.google.android.gms:play-services-basement:8.3.0] AndroidManifest.xml:21:9-23:69
MERGED from [com.google.android.gms:play-services-basement:8.3.0] AndroidManifest.xml:21:9-23:69
	android:name
		ADDED from src\main\AndroidManifest.xml:61:17-62
	android:value
		ADDED from src\main\AndroidManifest.xml:62:17-70
uses-permission#android.permission.INTERNET
ADDED from [com.google.android.gms:play-services-ads:8.3.0] AndroidManifest.xml:20:5-66
MERGED from [com.google.android.gms:play-services-analytics:8.3.0] AndroidManifest.xml:21:5-67
MERGED from [com.google.android.gms:play-services-appinvite:8.3.0] AndroidManifest.xml:19:5-67
MERGED from [com.google.android.gms:play-services-maps:8.3.0] AndroidManifest.xml:21:5-66
MERGED from [com.google.android.gms:play-services-gcm:8.3.0] AndroidManifest.xml:22:5-67
MERGED from [com.google.android.gms:play-services-measurement:8.3.0] AndroidManifest.xml:21:5-67
MERGED from [com.google.android.gms:play-services-maps:8.3.0] AndroidManifest.xml:21:5-66
MERGED from [com.google.android.gms:play-services-maps:8.3.0] AndroidManifest.xml:21:5-66
MERGED from [com.google.android.gms:play-services-measurement:8.3.0] AndroidManifest.xml:21:5-67
MERGED from [com.google.android.gms:play-services-wallet:8.3.0] AndroidManifest.xml:20:5-66
MERGED from [com.google.android.gms:play-services-maps:8.3.0] AndroidManifest.xml:21:5-66
	android:name
		ADDED from [com.google.android.gms:play-services-ads:8.3.0] AndroidManifest.xml:20:22-64
uses-permission#android.permission.ACCESS_NETWORK_STATE
ADDED from [com.google.android.gms:play-services-ads:8.3.0] AndroidManifest.xml:21:5-78
MERGED from [com.google.android.gms:play-services-analytics:8.3.0] AndroidManifest.xml:22:5-79
MERGED from [com.google.android.gms:play-services-maps:8.3.0] AndroidManifest.xml:20:5-78
MERGED from [com.google.android.gms:play-services-measurement:8.3.0] AndroidManifest.xml:22:5-79
MERGED from [com.google.android.gms:play-services-maps:8.3.0] AndroidManifest.xml:20:5-78
MERGED from [com.google.android.gms:play-services-maps:8.3.0] AndroidManifest.xml:20:5-78
MERGED from [com.google.android.gms:play-services-measurement:8.3.0] AndroidManifest.xml:22:5-79
MERGED from [com.google.android.gms:play-services-nearby:8.3.0] AndroidManifest.xml:19:5-79
MERGED from [com.google.android.gms:play-services-maps:8.3.0] AndroidManifest.xml:20:5-78
	android:name
		ADDED from [com.google.android.gms:play-services-ads:8.3.0] AndroidManifest.xml:21:22-76
activity#com.google.android.gms.ads.AdActivity
ADDED from [com.google.android.gms:play-services-ads:8.3.0] AndroidManifest.xml:26:9-29:64
	android:configChanges
		ADDED from [com.google.android.gms:play-services-ads:8.3.0] AndroidManifest.xml:28:13-122
	android:theme
		ADDED from [com.google.android.gms:play-services-ads:8.3.0] AndroidManifest.xml:29:13-61
	android:name
		ADDED from [com.google.android.gms:play-services-ads:8.3.0] AndroidManifest.xml:27:13-65
activity#com.google.android.gms.ads.purchase.InAppPurchaseActivity